<?xml version="1.0" encoding="UTF-8"?>
<!-- Generated by org.testng.reporters.JUnitXMLReporter -->
<testsuite ignored="0" hostname="ITEM-S110971" failures="0" tests="3" name="Default test" time="11.697" errors="0" timestamp="2023-02-01T11:08:09 CET">
  <testcase classname="testNGExample.AmazonTest2" name="verifyApplicationTitle" time="0.26"/>
  <testcase classname="testNGExample.AmazonTest2" name="searchItem" time="1.9"/>
  <testcase classname="testNGExample.AmazonTest2" name="verifyApplicationTitleAfterSearch" time="0.06"/>
</testsuite> <!-- Default test -->
