<?xml version="1.0" encoding="UTF-8"?>
<!-- Generated by org.testng.reporters.JUnitXMLReporter -->
<testsuite ignored="0" hostname="ITEM-S110971" failures="0" tests="3" name="Test" time="11.531" errors="0" timestamp="2023-01-27T11:08:07 CET">
  <testcase classname="testNGExample.AmazonTest2" name="verifyApplicationTitle" time="0.204"/>
  <testcase classname="testNGExample.AmazonTest2" name="searchItem" time="1.819"/>
  <testcase classname="testNGExample.AmazonTest2" name="verifyApplicationTitleAfterSearch" time="0.04"/>
</testsuite> <!-- Test -->
