<?xml version="1.0" encoding="UTF-8"?>
<!-- Generated by org.testng.reporters.JUnitXMLReporter -->
<testsuite hostname="ITEM-S110971" ignored="0" name="Test" tests="3" failures="0" timestamp="2023-02-01T11:34:41 CET" time="26.898" errors="0">
  <testcase name="verifyApplicationTitle" time="0.028" classname="testNGExample.AmazonTest2"/>
  <testcase name="searchItem" time="1.722" classname="testNGExample.AmazonTest2"/>
  <testcase name="verifyApplicationTitleAfterSearch" time="0.016" classname="testNGExample.AmazonTest2"/>
</testsuite> <!-- Test -->
