<?xml version="1.0" encoding="UTF-8"?>
<testng-results ignored="0" total="3" passed="3" failed="0" skipped="0">
  <reporter-output>
  </reporter-output>
  <suite started-at="2023-02-01T11:07:57 CET" name="Default suite" finished-at="2023-02-01T11:08:09 CET" duration-ms="11697">
    <groups>
    </groups>
    <test started-at="2023-02-01T11:07:57 CET" name="Default test" finished-at="2023-02-01T11:08:09 CET" duration-ms="11697">
      <class name="testNGExample.AmazonTest2">
        <test-method is-config="true" signature="launchApp()[pri:0, instance:testNGExample.AmazonTest2@7bab3f1a]" started-at="2023-02-01T11:07:57 CET" name="launchApp" finished-at="2023-02-01T11:08:02 CET" duration-ms="5014" status="PASS">
          <reporter-output>
          </reporter-output>
        </test-method> <!-- launchApp -->
        <test-method signature="verifyApplicationTitle()[pri:-1, instance:testNGExample.AmazonTest2@7bab3f1a]" started-at="2023-02-01T11:08:02 CET" name="verifyApplicationTitle" finished-at="2023-02-01T11:08:03 CET" duration-ms="260" status="PASS">
          <reporter-output>
          </reporter-output>
        </test-method> <!-- verifyApplicationTitle -->
        <test-method signature="searchItem()[pri:0, instance:testNGExample.AmazonTest2@7bab3f1a]" started-at="2023-02-01T11:08:03 CET" name="searchItem" finished-at="2023-02-01T11:08:05 CET" duration-ms="1900" status="PASS">
          <reporter-output>
          </reporter-output>
        </test-method> <!-- searchItem -->
        <test-method signature="verifyApplicationTitleAfterSearch()[pri:1, instance:testNGExample.AmazonTest2@7bab3f1a]" started-at="2023-02-01T11:08:05 CET" name="verifyApplicationTitleAfterSearch" finished-at="2023-02-01T11:08:05 CET" duration-ms="60" status="PASS">
          <reporter-output>
          </reporter-output>
        </test-method> <!-- verifyApplicationTitleAfterSearch -->
        <test-method is-config="true" signature="closeApp()[pri:0, instance:testNGExample.AmazonTest2@7bab3f1a]" started-at="2023-02-01T11:08:05 CET" name="closeApp" finished-at="2023-02-01T11:08:09 CET" duration-ms="4373" status="PASS">
          <reporter-output>
          </reporter-output>
        </test-method> <!-- closeApp -->
      </class> <!-- testNGExample.AmazonTest2 -->
    </test> <!-- Default test -->
  </suite> <!-- Default suite -->
</testng-results>
